<?xml version="1.0" encoding="UTF-8"?>
<!-- Generated by org.testng.reporters.JUnitXMLReporter -->
<testsuite hostname="DESKTOP-2H67DNT" ignored="0" name="Command line test" tests="25" failures="1" timestamp="2023-05-01T20:28:49 EET" time="19.839" errors="0">
  <testcase name="createCountry" time="1.364" classname="Campus.CountryTest"/>
  <testcase name="createCountryNegative" time="0.473" classname="Campus.CountryTest"/>
  <testcase name="updateCountry" time="0.562" classname="Campus.CountryTest"/>
  <testcase name="deleteCountry" time="0.551" classname="Campus.CountryTest"/>
  <testcase name="deleteCountryNegative" time="0.321" classname="Campus.CountryTest"/>
  <testcase name="bodyArrayHasSizeTest" time="0.363" classname="ZippoTest"/>
  <testcase name="checkCountryInResponseBody" time="0.788" classname="ZippoTest"/>
  <testcase name="checkHasItemy" time="0.282" classname="ZippoTest"/>
  <testcase name="checkstateInResponseBody" time="0.292" classname="ZippoTest"/>
  <testcase name="combiningTest" time="0.293" classname="ZippoTest"/>
  <testcase name="contentTypeTest" time="0.283" classname="ZippoTest"/>
  <testcase name="extractJsonAll_POJO" time="0.356" classname="ZippoTest"/>
  <testcase name="extractPOJO_Soru" time="0.261" classname="ZippoTest"/>
  <testcase name="extractingJsonPath" time="0.775" classname="ZippoTest"/>
  <testcase name="extractingJsonPath2" time="0.404" classname="ZippoTest"/>
  <testcase name="extractingJsonPath3" time="0.962" classname="ZippoTest"/>
  <testcase name="extractingJsonPath4" time="0.942" classname="ZippoTest"/>
  <testcase name="extractingJsonPath5" time="0.893" classname="ZippoTest"/>
  <testcase name="extractingJsonPathResponsAll" time="1.084" classname="ZippoTest">
    <failure type="java.lang.AssertionError" message="expected [true] but found [false]">
      <![CDATA[java.lang.AssertionError: expected [true] but found [false]
at ZippoTest.extractingJsonPathResponsAll(ZippoTest.java:361)
at java.util.ArrayList.forEach(ArrayList.java:1259)
... Removed 41 stack frames]]>
    </failure>
  </testcase> <!-- extractingJsonPathResponsAll -->
  <testcase name="pathParamTest" time="0.475" classname="ZippoTest"/>
  <testcase name="queryParamTest" time="1.072" classname="ZippoTest"/>
  <testcase name="queryParamTest2" time="4.029" classname="ZippoTest"/>
  <testcase name="requestResponseSpecificationn" time="0.385" classname="ZippoTest"/>
  <testcase name="statusCodeTest" time="0.247" classname="ZippoTest"/>
  <testcase name="test" time="0.001" classname="ZippoTest"/>
</testsuite> <!-- Command line test -->
