<?xml version="1.0" encoding="UTF-8" ?>
<testsuite tests="25" failures="1" name="TestSuite" time="17.468" errors="0" skipped="0">
  <properties>
[...]
</properties>
  <testcase classname="Campus.CountryTest" name="createCountry" time="1.367"/>
  <testcase classname="Campus.CountryTest" name="createCountryNegative" time="0.474"/>
  <testcase classname="Campus.CountryTest" name="updateCountry" time="0.562"/>
  <testcase classname="Campus.CountryTest" name="deleteCountry" time="0.55"/>
  <testcase classname="Campus.CountryTest" name="deleteCountryNegative" time="0.321"/>
  <testcase classname="ZippoTest" name="bodyArrayHasSizeTest" time="0.363"/>
  <testcase classname="ZippoTest" name="checkCountryInResponseBody" time="0.788"/>
  <testcase classname="ZippoTest" name="checkHasItemy" time="0.283"/>
  <testcase classname="ZippoTest" name="checkstateInResponseBody" time="0.293"/>
  <testcase classname="ZippoTest" name="combiningTest" time="0.295"/>
  <testcase classname="ZippoTest" name="contentTypeTest" time="0.283"/>
  <testcase classname="ZippoTest" name="extractJsonAll_POJO" time="0.356"/>
  <testcase classname="ZippoTest" name="extractPOJO_Soru" time="0.262"/>
  <testcase classname="ZippoTest" name="extractingJsonPath" time="0.777"/>
  <testcase classname="ZippoTest" name="extractingJsonPath2" time="0.404"/>
  <testcase classname="ZippoTest" name="extractingJsonPath3" time="0.962"/>
  <testcase classname="ZippoTest" name="extractingJsonPath4" time="0.942"/>
  <testcase classname="ZippoTest" name="extractingJsonPath5" time="0.893"/>
  <testcase classname="ZippoTest" name="extractingJsonPathResponsAll" time="1.084">
    <failure message="expected [true] but found [false]" type="java.lang.AssertionError">java.lang.AssertionError: expected [true] but found [false]
	at org.testng.Assert.fail(Assert.java:99)
	at org.testng.Assert.failNotEquals(Assert.java:1037)
	at org.testng.Assert.assertTrue(Assert.java:45)
	at org.testng.Assert.assertTrue(Assert.java:55)
	at ZippoTest.extractingJsonPathResponsAll(ZippoTest.java:361)
</failure>
    <system-out>idler = [1313009, 1313008, 1313006, 1313005, 1313002, 1313001, 1313000, 1312999, 1312998, 1312997]
names = [Prof. Mukesh Tagore, Rev. Ambar Patil, Trilokanath Nehru, Lal Acharya, Mandaakin Jha, Birjesh Ahuja, Acaryatanaya Varrier Esq., Himadri Chattopadhyay IV, Vidya Bhattacharya, Gauraang Gowda V]
limit = 10
</system-out>
  </testcase>
  <testcase classname="ZippoTest" name="pathParamTest" time="0.474"/>
  <testcase classname="ZippoTest" name="queryParamTest" time="1.073"/>
  <testcase classname="ZippoTest" name="queryParamTest2" time="4.029"/>
  <testcase classname="ZippoTest" name="requestResponseSpecificationn" time="0.386"/>
  <testcase classname="ZippoTest" name="statusCodeTest" time="0.247"/>
  <testcase classname="ZippoTest" name="test" time="0"/>
</testsuite>